[2024-12-07 18:39:51Z INFO HostContext] No proxy settings were found based on environmental variables (http_proxy/https_proxy/HTTP_PROXY/HTTPS_PROXY)
[2024-12-07 18:39:51Z INFO HostContext] Well known directory 'Bin': '/home/sk/lab3/actions-runner/bin'
[2024-12-07 18:39:51Z INFO HostContext] Well known directory 'Root': '/home/sk/lab3/actions-runner'
[2024-12-07 18:39:51Z INFO HostContext] Well known config file 'Credentials': '/home/sk/lab3/actions-runner/.credentials'
[2024-12-07 18:39:51Z INFO HostContext] Well known directory 'Bin': '/home/sk/lab3/actions-runner/bin'
[2024-12-07 18:39:51Z INFO HostContext] Well known directory 'Root': '/home/sk/lab3/actions-runner'
[2024-12-07 18:39:51Z INFO HostContext] Well known config file 'Runner': '/home/sk/lab3/actions-runner/.runner'
[2024-12-07 18:39:51Z INFO Listener] Runner is built for Linux (X64) - linux-x64.
[2024-12-07 18:39:51Z INFO Listener] RuntimeInformation: Ubuntu 24.04.1 LTS.
[2024-12-07 18:39:51Z INFO Listener] Version: 2.321.0
[2024-12-07 18:39:51Z INFO Listener] Commit: e249007931b7c8e857797fa259c167f0bd4f997a
[2024-12-07 18:39:51Z INFO Listener] Culture: en-US
[2024-12-07 18:39:51Z INFO Listener] UI Culture: en-US
[2024-12-07 18:39:51Z INFO HostContext] Well known directory 'Bin': '/home/sk/lab3/actions-runner/bin'
[2024-12-07 18:39:51Z INFO HostContext] Well known directory 'Root': '/home/sk/lab3/actions-runner'
[2024-12-07 18:39:51Z INFO Listener] Validating directory permissions for: '/home/sk/lab3/actions-runner'
[2024-12-07 18:39:51Z INFO CommandLineParser] Parse
[2024-12-07 18:39:51Z INFO CommandLineParser] Parsing 5 args
[2024-12-07 18:39:51Z INFO CommandLineParser] parsing argument
[2024-12-07 18:39:51Z INFO CommandLineParser] HasArgs: False
[2024-12-07 18:39:51Z INFO CommandLineParser] Adding Command: configure
[2024-12-07 18:39:51Z INFO CommandLineParser] parsing argument
[2024-12-07 18:39:51Z INFO CommandLineParser] HasArgs: True
[2024-12-07 18:39:51Z INFO CommandLineParser] arg: url
[2024-12-07 18:39:51Z INFO CommandLineParser] parsing argument
[2024-12-07 18:39:51Z INFO CommandLineParser] HasArgs: True
[2024-12-07 18:39:51Z INFO CommandLineParser] Adding option 'url': 'https://github.com/samirkoirala/task-five'
[2024-12-07 18:39:51Z INFO CommandLineParser] parsing argument
[2024-12-07 18:39:51Z INFO CommandLineParser] HasArgs: True
[2024-12-07 18:39:51Z INFO CommandLineParser] arg: token
[2024-12-07 18:39:51Z INFO CommandLineParser] parsing argument
[2024-12-07 18:39:51Z INFO CommandLineParser] HasArgs: True
[2024-12-07 18:39:51Z INFO CommandLineParser] Adding option 'token': '***'
[2024-12-07 18:39:51Z INFO Listener] Arguments parsed
[2024-12-07 18:39:52Z INFO Runner] ExecuteCommand
[2024-12-07 18:39:52Z INFO ConfigurationStore] currentAssemblyLocation: /home/sk/lab3/actions-runner/bin/Runner.Listener.dll
[2024-12-07 18:39:52Z INFO HostContext] Well known directory 'Bin': '/home/sk/lab3/actions-runner/bin'
[2024-12-07 18:39:52Z INFO ConfigurationStore] binPath: /home/sk/lab3/actions-runner/bin
[2024-12-07 18:39:52Z INFO HostContext] Well known directory 'Bin': '/home/sk/lab3/actions-runner/bin'
[2024-12-07 18:39:52Z INFO HostContext] Well known directory 'Root': '/home/sk/lab3/actions-runner'
[2024-12-07 18:39:52Z INFO ConfigurationStore] RootFolder: /home/sk/lab3/actions-runner
[2024-12-07 18:39:52Z INFO HostContext] Well known directory 'Bin': '/home/sk/lab3/actions-runner/bin'
[2024-12-07 18:39:52Z INFO HostContext] Well known directory 'Root': '/home/sk/lab3/actions-runner'
[2024-12-07 18:39:52Z INFO HostContext] Well known config file 'Runner': '/home/sk/lab3/actions-runner/.runner'
[2024-12-07 18:39:52Z INFO ConfigurationStore] ConfigFilePath: /home/sk/lab3/actions-runner/.runner
[2024-12-07 18:39:52Z INFO HostContext] Well known directory 'Bin': '/home/sk/lab3/actions-runner/bin'
[2024-12-07 18:39:52Z INFO HostContext] Well known directory 'Root': '/home/sk/lab3/actions-runner'
[2024-12-07 18:39:52Z INFO HostContext] Well known config file 'Credentials': '/home/sk/lab3/actions-runner/.credentials'
[2024-12-07 18:39:52Z INFO ConfigurationStore] CredFilePath: /home/sk/lab3/actions-runner/.credentials
[2024-12-07 18:39:52Z INFO HostContext] Well known directory 'Bin': '/home/sk/lab3/actions-runner/bin'
[2024-12-07 18:39:52Z INFO HostContext] Well known directory 'Root': '/home/sk/lab3/actions-runner'
[2024-12-07 18:39:52Z INFO HostContext] Well known config file 'MigratedCredentials': '/home/sk/lab3/actions-runner/.credentials_migrated'
[2024-12-07 18:39:52Z INFO ConfigurationStore] MigratedCredFilePath: /home/sk/lab3/actions-runner/.credentials_migrated
[2024-12-07 18:39:52Z INFO HostContext] Well known directory 'Bin': '/home/sk/lab3/actions-runner/bin'
[2024-12-07 18:39:52Z INFO HostContext] Well known directory 'Root': '/home/sk/lab3/actions-runner'
[2024-12-07 18:39:52Z INFO HostContext] Well known config file 'Service': '/home/sk/lab3/actions-runner/.service'
[2024-12-07 18:39:52Z INFO ConfigurationStore] ServiceConfigFilePath: /home/sk/lab3/actions-runner/.service
[2024-12-07 18:39:52Z INFO CommandSettings] Flag 'help': 'False'
[2024-12-07 18:39:52Z INFO CommandSettings] Flag 'version': 'False'
[2024-12-07 18:39:52Z INFO CommandSettings] Flag 'commit': 'False'
[2024-12-07 18:39:52Z INFO CommandSettings] Flag 'check': 'False'
[2024-12-07 18:39:52Z INFO CommandSettings] Command 'configure': 'True'
[2024-12-07 18:39:52Z INFO Terminal] WRITE LINE: 
[2024-12-07 18:39:52Z INFO Terminal] WRITE LINE: --------------------------------------------------------------------------------
[2024-12-07 18:39:52Z INFO Terminal] WRITE LINE: |        ____ _ _   _   _       _          _        _   _                      |
[2024-12-07 18:39:52Z INFO Terminal] WRITE LINE: |       / ___(_) |_| | | |_   _| |__      / \   ___| |_(_) ___  _ __  ___      |
[2024-12-07 18:39:52Z INFO Terminal] WRITE LINE: |      | |  _| | __| |_| | | | | '_ \    / _ \ / __| __| |/ _ \| '_ \/ __|     |
[2024-12-07 18:39:52Z INFO Terminal] WRITE LINE: |      | |_| | | |_|  _  | |_| | |_) |  / ___ \ (__| |_| | (_) | | | \__ \     |
[2024-12-07 18:39:52Z INFO Terminal] WRITE LINE: |       \____|_|\__|_| |_|\__,_|_.__/  /_/   \_\___|\__|_|\___/|_| |_|___/     |
[2024-12-07 18:39:52Z INFO Terminal] WRITE LINE: |                                                                              |
[2024-12-07 18:39:52Z INFO Terminal] WRITE: |                       
[2024-12-07 18:39:52Z INFO Terminal] WRITE: Self-hosted runner registration
[2024-12-07 18:39:52Z INFO Terminal] WRITE LINE:                         |
[2024-12-07 18:39:52Z INFO Terminal] WRITE LINE: |                                                                              |
[2024-12-07 18:39:52Z INFO Terminal] WRITE LINE: --------------------------------------------------------------------------------
[2024-12-07 18:39:52Z INFO ConfigurationManager] ConfigureAsync
[2024-12-07 18:39:52Z INFO CommandSettings] Flag 'generateServiceConfig': 'False'
[2024-12-07 18:39:52Z INFO ConfigurationStore] IsConfigured()
[2024-12-07 18:39:52Z INFO ConfigurationStore] IsConfigured: False
[2024-12-07 18:39:52Z INFO ConfigurationManager] Is configured: False
[2024-12-07 18:39:52Z INFO CommandSettings] Arg 'url': 'https://github.com/samirkoirala/task-five'
[2024-12-07 18:39:52Z INFO CommandSettings] Remove url from Arg dictionary.
[2024-12-07 18:39:52Z INFO CommandSettings] Arg 'token': '***'
[2024-12-07 18:39:52Z INFO CommandSettings] Remove token from Arg dictionary.
[2024-12-07 18:39:53Z INFO ConfigurationManager] Http response code: OK from 'POST https://api.github.com/actions/runner-registration' (288D:34DBA8:E6695C:1063E12:67549678)
[2024-12-07 18:39:53Z INFO ConfigurationManager] Using V2 flow: False
[2024-12-07 18:39:53Z INFO ConfigurationManager] cred retrieved via GitHub auth
[2024-12-07 18:39:53Z INFO RunnerServer] EstablishVssConnection
[2024-12-07 18:39:53Z INFO RunnerServer] Establish connection with 100 seconds timeout.
[2024-12-07 18:39:53Z INFO GitHubActionsService] Starting operation Location.GetConnectionData
[2024-12-07 18:39:53Z INFO RunnerServer] EstablishVssConnection
[2024-12-07 18:39:53Z INFO RunnerServer] Establish connection with 60 seconds timeout.
[2024-12-07 18:39:53Z INFO GitHubActionsService] Starting operation Location.GetConnectionData
[2024-12-07 18:39:53Z INFO RunnerServer] EstablishVssConnection
[2024-12-07 18:39:53Z INFO RunnerServer] Establish connection with 60 seconds timeout.
[2024-12-07 18:39:53Z INFO GitHubActionsService] Starting operation Location.GetConnectionData
[2024-12-07 18:39:55Z INFO GitHubActionsService] Finished operation Location.GetConnectionData
[2024-12-07 18:39:55Z INFO GitHubActionsService] Finished operation Location.GetConnectionData
[2024-12-07 18:39:55Z INFO GitHubActionsService] Finished operation Location.GetConnectionData
[2024-12-07 18:39:56Z INFO Terminal] WRITE LINE: 
[2024-12-07 18:39:56Z INFO ConfigurationManager] Test Connection complete.
[2024-12-07 18:39:56Z INFO HostContext] Well known directory 'Bin': '/home/sk/lab3/actions-runner/bin'
[2024-12-07 18:39:56Z INFO HostContext] Well known directory 'Root': '/home/sk/lab3/actions-runner'
[2024-12-07 18:39:56Z INFO HostContext] Well known config file 'RSACredentials': '/home/sk/lab3/actions-runner/.credentials_rsaparams'
[2024-12-07 18:39:56Z INFO RSAFileKeyManager] Creating new RSA key using 2048-bit key length
[2024-12-07 18:39:56Z INFO RSAFileKeyManager] Successfully saved RSA key parameters to file /home/sk/lab3/actions-runner/.credentials_rsaparams
[2024-12-07 18:39:56Z INFO RSAFileKeyManager] Which2: 'chmod'
[2024-12-07 18:39:56Z INFO RSAFileKeyManager] Location: '/usr/bin/chmod'
[2024-12-07 18:39:56Z INFO HostContext] Well known directory 'Bin': '/home/sk/lab3/actions-runner/bin'
[2024-12-07 18:39:56Z INFO HostContext] Well known directory 'Root': '/home/sk/lab3/actions-runner'
[2024-12-07 18:39:56Z INFO ProcessInvokerWrapper] Starting process:
[2024-12-07 18:39:56Z INFO ProcessInvokerWrapper]   File name: '/usr/bin/chmod'
[2024-12-07 18:39:56Z INFO ProcessInvokerWrapper]   Arguments: '600 /home/sk/lab3/actions-runner/.credentials_rsaparams'
[2024-12-07 18:39:56Z INFO ProcessInvokerWrapper]   Working directory: '/home/sk/lab3/actions-runner'
[2024-12-07 18:39:56Z INFO ProcessInvokerWrapper]   Require exit code zero: 'False'
[2024-12-07 18:39:56Z INFO ProcessInvokerWrapper]   Encoding web name:  ; code page: ''
[2024-12-07 18:39:56Z INFO ProcessInvokerWrapper]   Force kill process on cancellation: 'False'
[2024-12-07 18:39:56Z INFO ProcessInvokerWrapper]   Redirected STDIN: 'False'
[2024-12-07 18:39:56Z INFO ProcessInvokerWrapper]   Persist current code page: 'False'
[2024-12-07 18:39:56Z INFO ProcessInvokerWrapper]   Keep redirected STDIN open: 'False'
[2024-12-07 18:39:56Z INFO ProcessInvokerWrapper]   High priority process: 'False'
[2024-12-07 18:39:56Z INFO ProcessInvokerWrapper] Process started with process id 7397, waiting for process exit.
[2024-12-07 18:39:56Z INFO ProcessInvokerWrapper] STDOUT/STDERR stream read finished.
[2024-12-07 18:39:56Z INFO ProcessInvokerWrapper] STDOUT/STDERR stream read finished.
[2024-12-07 18:39:56Z INFO ProcessInvokerWrapper] Finished process 7397 with exit code 0, and elapsed time 00:00:00.0143109.
[2024-12-07 18:39:56Z INFO RSAFileKeyManager] Successfully set permissions for RSA key parameters file /home/sk/lab3/actions-runner/.credentials_rsaparams
[2024-12-07 18:39:56Z INFO CommandSettings] Arg 'runnergroup': ''
[2024-12-07 18:39:56Z INFO CommandSettings] Flag 'unattended': 'False'
[2024-12-07 18:39:56Z INFO PromptManager] ReadValue
[2024-12-07 18:39:56Z INFO Terminal] WRITE: Enter the name of the runner group to add this runner to: 
[2024-12-07 18:39:56Z INFO Terminal] WRITE: [press Enter for Default] 
[2024-12-07 18:39:56Z INFO Terminal] READ LINE
[2024-12-07 18:40:01Z INFO Terminal] Read value: ''
[2024-12-07 18:40:01Z INFO PromptManager] Falling back to the default: 'Default'
[2024-12-07 18:40:01Z INFO Terminal] WRITE LINE: 
[2024-12-07 18:40:01Z INFO ConfigurationManager] Found a self-hosted runner group with id 1 and name Default
[2024-12-07 18:40:01Z INFO CommandSettings] Flag 'disableupdate': 'False'
[2024-12-07 18:40:01Z INFO CommandSettings] Flag 'ephemeral': 'False'
[2024-12-07 18:40:01Z INFO CommandSettings] Arg 'name': ''
[2024-12-07 18:40:01Z INFO CommandSettings] Flag 'unattended': 'False'
[2024-12-07 18:40:01Z INFO PromptManager] ReadValue
[2024-12-07 18:40:01Z INFO Terminal] WRITE: Enter the name of runner: 
[2024-12-07 18:40:01Z INFO Terminal] WRITE: [press Enter for sk] 
[2024-12-07 18:40:01Z INFO Terminal] READ LINE
[2024-12-07 18:40:02Z INFO Terminal] Read value: ''
[2024-12-07 18:40:02Z INFO PromptManager] Falling back to the default: 'sk'
[2024-12-07 18:40:02Z INFO Terminal] WRITE LINE: 
[2024-12-07 18:40:02Z INFO CommandSettings] Arg 'labels': ''
[2024-12-07 18:40:02Z INFO CommandSettings] Flag 'unattended': 'False'
[2024-12-07 18:40:02Z INFO PromptManager] ReadValue
[2024-12-07 18:40:02Z INFO Terminal] WRITE: This runner will have the following labels: 'self-hosted', 'Linux', 'X64' 
Enter any additional labels (ex. label-1,label-2): 
[2024-12-07 18:40:02Z INFO Terminal] WRITE: [press Enter to skip] 
[2024-12-07 18:40:02Z INFO Terminal] READ LINE
[2024-12-07 18:40:04Z INFO Terminal] Read value: ''
[2024-12-07 18:40:04Z INFO Terminal] WRITE LINE: 
[2024-12-07 18:40:04Z INFO CommandSettings] Flag 'disableupdate': 'False'
[2024-12-07 18:40:04Z INFO CommandSettings] Flag 'no-default-labels': 'False'
[2024-12-07 18:40:04Z INFO CommandSettings] Flag 'disableupdate': 'False'
[2024-12-07 18:40:04Z INFO CommandSettings] Flag 'ephemeral': 'False'
[2024-12-07 18:40:04Z INFO ConfigurationStore] Saving OAuth credential @ /home/sk/lab3/actions-runner/.credentials
[2024-12-07 18:40:04Z INFO ConfigurationStore] Credentials Saved.
[2024-12-07 18:40:04Z INFO ConfigurationStore] HasCredentials()
[2024-12-07 18:40:04Z INFO ConfigurationStore] stored True
[2024-12-07 18:40:04Z INFO CredentialManager] GetCredentialProvider
[2024-12-07 18:40:04Z INFO CredentialManager] Creating type OAuth
[2024-12-07 18:40:04Z INFO CredentialManager] Creating credential type: OAuth
[2024-12-07 18:40:04Z INFO RSAFileKeyManager] Loading RSA key parameters from file /home/sk/lab3/actions-runner/.credentials_rsaparams
[2024-12-07 18:40:04Z INFO RunnerServer] EstablishVssConnection
[2024-12-07 18:40:04Z INFO RunnerServer] Establish connection with 100 seconds timeout.
[2024-12-07 18:40:04Z INFO GitHubActionsService] Starting operation Location.GetConnectionData
[2024-12-07 18:40:04Z INFO RunnerServer] EstablishVssConnection
[2024-12-07 18:40:04Z INFO RunnerServer] Establish connection with 60 seconds timeout.
[2024-12-07 18:40:04Z INFO GitHubActionsService] Starting operation Location.GetConnectionData
[2024-12-07 18:40:04Z INFO RunnerServer] EstablishVssConnection
[2024-12-07 18:40:04Z INFO RunnerServer] Establish connection with 60 seconds timeout.
[2024-12-07 18:40:04Z INFO GitHubActionsService] Starting operation Location.GetConnectionData
[2024-12-07 18:40:06Z INFO GitHubActionsService] Finished operation Location.GetConnectionData
[2024-12-07 18:40:06Z INFO GitHubActionsService] Finished operation Location.GetConnectionData
[2024-12-07 18:40:06Z INFO GitHubActionsService] Finished operation Location.GetConnectionData
[2024-12-07 18:40:07Z INFO RSAFileKeyManager] Loading RSA key parameters from file /home/sk/lab3/actions-runner/.credentials_rsaparams
[2024-12-07 18:40:07Z INFO RSAFileKeyManager] Loading RSA key parameters from file /home/sk/lab3/actions-runner/.credentials_rsaparams
[2024-12-07 18:40:08Z INFO GitHubActionsService] AAD Correlation ID for this token request: Unknown
[2024-12-07 18:40:09Z INFO CommandSettings] Arg 'work': ''
[2024-12-07 18:40:09Z INFO CommandSettings] Flag 'unattended': 'False'
[2024-12-07 18:40:09Z INFO PromptManager] ReadValue
[2024-12-07 18:40:09Z INFO Terminal] WRITE: Enter name of work folder: 
[2024-12-07 18:40:09Z INFO Terminal] WRITE: [press Enter for _work] 
[2024-12-07 18:40:09Z INFO Terminal] READ LINE
[2024-12-07 18:40:10Z INFO Terminal] Read value: ''
[2024-12-07 18:40:10Z INFO PromptManager] Falling back to the default: '_work'
[2024-12-07 18:40:10Z INFO ConfigurationStore] Saving runner settings.
[2024-12-07 18:40:10Z INFO ConfigurationStore] Settings Saved.
[2024-12-07 18:40:10Z INFO Terminal] WRITE LINE: 
[2024-12-07 18:40:10Z INFO Terminal] WRITE LINE: 
[2024-12-07 18:40:10Z INFO SystemDControlManager] Service name 'actions.runner.samirkoirala-task-five.sk.service' display name 'GitHub Actions Runner (samirkoirala-task-five.sk)' will be used for service configuration.
[2024-12-07 18:40:10Z INFO HostContext] Well known directory 'Bin': '/home/sk/lab3/actions-runner/bin'
[2024-12-07 18:40:10Z INFO HostContext] Well known directory 'Root': '/home/sk/lab3/actions-runner'
[2024-12-07 18:40:10Z INFO HostContext] Well known directory 'Bin': '/home/sk/lab3/actions-runner/bin'
[2024-12-07 18:40:10Z INFO HostContext] Well known directory 'Bin': '/home/sk/lab3/actions-runner/bin'
[2024-12-07 18:40:10Z INFO HostContext] Well known directory 'Root': '/home/sk/lab3/actions-runner'
[2024-12-07 18:40:10Z INFO UnixUtil] Which2: 'chmod'
[2024-12-07 18:40:10Z INFO UnixUtil] Location: '/usr/bin/chmod'
[2024-12-07 18:40:10Z INFO UnixUtil] Running /usr/bin/chmod 755 "/home/sk/lab3/actions-runner/svc.sh"
[2024-12-07 18:40:10Z INFO ProcessInvokerWrapper] Starting process:
[2024-12-07 18:40:10Z INFO ProcessInvokerWrapper]   File name: '/usr/bin/chmod'
[2024-12-07 18:40:10Z INFO ProcessInvokerWrapper]   Arguments: '755 "/home/sk/lab3/actions-runner/svc.sh"'
[2024-12-07 18:40:10Z INFO ProcessInvokerWrapper]   Working directory: '/home/sk/lab3/actions-runner'
[2024-12-07 18:40:10Z INFO ProcessInvokerWrapper]   Require exit code zero: 'True'
[2024-12-07 18:40:10Z INFO ProcessInvokerWrapper]   Encoding web name:  ; code page: ''
[2024-12-07 18:40:10Z INFO ProcessInvokerWrapper]   Force kill process on cancellation: 'False'
[2024-12-07 18:40:10Z INFO ProcessInvokerWrapper]   Redirected STDIN: 'False'
[2024-12-07 18:40:10Z INFO ProcessInvokerWrapper]   Persist current code page: 'False'
[2024-12-07 18:40:10Z INFO ProcessInvokerWrapper]   Keep redirected STDIN open: 'False'
[2024-12-07 18:40:10Z INFO ProcessInvokerWrapper]   High priority process: 'False'
[2024-12-07 18:40:10Z INFO ProcessInvokerWrapper] Updated oom_score_adj to 500 for PID: 7404.
[2024-12-07 18:40:10Z INFO ProcessInvokerWrapper] Process started with process id 7404, waiting for process exit.
[2024-12-07 18:40:10Z INFO ProcessInvokerWrapper] STDOUT/STDERR stream read finished.
[2024-12-07 18:40:10Z INFO ProcessInvokerWrapper] STDOUT/STDERR stream read finished.
[2024-12-07 18:40:10Z INFO ProcessInvokerWrapper] Finished process 7404 with exit code 0, and elapsed time 00:00:00.0234780.
[2024-12-07 18:40:10Z INFO Listener] Runner execution has finished with return code 0
